d:\project\markdown-plus\markdowneditor\x64\debug\vc140.pdb
d:\project\markdown-plus\markdowneditor\x64\debug\previewpage.obj
d:\project\markdown-plus\markdowneditor\x64\debug\mainwindow.obj
d:\project\markdown-plus\markdowneditor\x64\debug\main.obj
d:\project\markdown-plus\markdowneditor\x64\debug\document.obj
d:\project\markdown-plus\markdowneditor\x64\debug\moc_previewpage.obj
d:\project\markdown-plus\markdowneditor\x64\debug\moc_mainwindow.obj
d:\project\markdown-plus\markdowneditor\x64\debug\moc_document.obj
d:\project\markdown-plus\markdowneditor\x64\debug\qrc_markdowneditor.obj
d:\project\markdown-plus\markdowneditor\debug\moc_document.cpp
d:\project\markdown-plus\markdowneditor\debug\moc_previewpage.cpp
d:\project\markdown-plus\markdowneditor\debug\moc_predefs.h
d:\project\markdown-plus\markdowneditor\generatedfiles\qrc_markdowneditor.cpp
d:\project\markdown-plus\markdowneditor\debug\moc_mainwindow.cpp
d:\project\markdown-plus\markdowneditor\generatedfiles\ui_mainwindow.h
d:\project\markdown-plus\markdowneditor\debug\markdowneditor.ilk
d:\project\markdown-plus\markdowneditor\debug\markdowneditor.exe
d:\project\markdown-plus\markdowneditor\debug\markdowneditor.pdb
d:\project\markdown-plus\markdowneditor\x64\debug\markdowneditor.tlog\cl.command.1.tlog
d:\project\markdown-plus\markdowneditor\x64\debug\markdowneditor.tlog\cl.read.1.tlog
d:\project\markdown-plus\markdowneditor\x64\debug\markdowneditor.tlog\cl.write.1.tlog
d:\project\markdown-plus\markdowneditor\x64\debug\markdowneditor.tlog\custombuild.command.1.tlog
d:\project\markdown-plus\markdowneditor\x64\debug\markdowneditor.tlog\custombuild.read.1.tlog
d:\project\markdown-plus\markdowneditor\x64\debug\markdowneditor.tlog\custombuild.write.1.tlog
d:\project\markdown-plus\markdowneditor\x64\debug\markdowneditor.tlog\link.command.1.tlog
d:\project\markdown-plus\markdowneditor\x64\debug\markdowneditor.tlog\link.read.1.tlog
d:\project\markdown-plus\markdowneditor\x64\debug\markdowneditor.tlog\link.write.1.tlog
